<?xml version="1.0" encoding="UTF-8" standalone="yes"?>
<ns2:test-suite start="1479409006349" stop="1479409024758" xmlns:ns2="urn:model.allure.qatools.yandex.ru">
    <name>Regression : Google Search Tests</name>
    <title>Regression : Google Search Tests</title>
    <test-cases>
        <test-case start="1479409017698" stop="1479409023090" status="passed">
            <name>tearDown</name>
            <steps/>
            <attachments/>
            <labels>
                <label name="host" value="DESKTOP-HEOVU1M"/>
                <label name="thread" value="7744@DESKTOP-HEOVU1M.pool-1-thread-1(14)"/>
            </labels>
        </test-case>
        <test-case start="1479409017701" stop="1479409024235" status="passed">
            <name>testKeyboardAppearance</name>
            <steps/>
            <attachments/>
            <labels>
                <label name="host" value="DESKTOP-HEOVU1M"/>
                <label name="thread" value="7744@DESKTOP-HEOVU1M.pool-1-thread-3(16)"/>
            </labels>
        </test-case>
        <test-case start="1479409020689" stop="1479409023079" status="failed">
            <name>test1</name>
            <failure>
                <message>AssertionError: The number of found results is incorect: expected [10] but found [0]</message>
                <stack-trace>java.lang.AssertionError: The number of found results is incorect: expected [10] but found [0]
	at org.testng.Assert.fail(Assert.java:94)
	at org.testng.Assert.failNotEquals(Assert.java:513)
	at org.testng.Assert.assertEqualsImpl(Assert.java:135)
	at org.testng.Assert.assertEquals(Assert.java:116)
	at org.testng.Assert.assertEquals(Assert.java:389)
	at com.qagroup.google.testsoleg.SearchResultNumberTest.test1(SearchResultNumberTest.java:48)
	at sun.reflect.NativeMethodAccessorImpl.invoke0(Native Method)
	at sun.reflect.NativeMethodAccessorImpl.invoke(NativeMethodAccessorImpl.java:62)
	at sun.reflect.DelegatingMethodAccessorImpl.invoke(DelegatingMethodAccessorImpl.java:43)
	at java.lang.reflect.Method.invoke(Method.java:498)
	at org.testng.internal.MethodInvocationHelper.invokeMethod(MethodInvocationHelper.java:86)
	at org.testng.internal.Invoker.invokeMethod(Invoker.java:643)
	at org.testng.internal.Invoker.invokeTestMethod(Invoker.java:820)
	at org.testng.internal.Invoker.invokeTestMethods(Invoker.java:1128)
	at org.testng.internal.TestMethodWorker.invokeTestMethods(TestMethodWorker.java:129)
	at org.testng.internal.TestMethodWorker.run(TestMethodWorker.java:112)
	at java.util.concurrent.ThreadPoolExecutor.runWorker(ThreadPoolExecutor.java:1142)
	at java.util.concurrent.ThreadPoolExecutor$Worker.run(ThreadPoolExecutor.java:617)
	at java.lang.Thread.run(Thread.java:745)
</stack-trace>
            </failure>
            <steps>
                <step start="1479409006647" stop="1479409020668" status="passed">
                    <name>openStartPage</name>
                    <title>Open google start page: https://www.google.com.ua/</title>
                </step>
                <step start="1479409020690" stop="1479409021218" status="passed">
                    <name>searchFor[Hello world!]</name>
                    <title>Serach for Hello world!</title>
                    <steps>
                        <step start="1479409020691" stop="1479409020942" status="passed">
                            <name>typeIntoSearchInput[Hello world!]</name>
                            <title>Type[Hello world!] into Search input</title>
                        </step>
                        <step start="1479409020942" stop="1479409021204" status="passed">
                            <name>clickSearchButton</name>
                        </step>
                    </steps>
                </step>
                <step start="1479409021222" stop="1479409022280" status="passed">
                    <name>getSearchResultNumber</name>
                    <title>Calculate the result number </title>
                    <attachments>
                        <attachment title="Search result number" source="27cc1a9f-7731-4b25-a7aa-91b580579efe-attachment.txt" type="text/plain"/>
                    </attachments>
                </step>
            </steps>
            <attachments>
                <attachment title="Failure Screenshot" source="7d52004d-ff41-43db-a913-affd9e7e89b8-attachment.png" type="image/png"/>
            </attachments>
            <labels>
                <label name="story" value="Result Number Story"/>
                <label name="feature" value="Search"/>
                <label name="host" value="DESKTOP-HEOVU1M"/>
                <label name="thread" value="7744@DESKTOP-HEOVU1M.pool-1-thread-2(15)"/>
            </labels>
        </test-case>
        <test-case start="1479409023105" stop="1479409023139" status="broken">
            <name>test1</name>
            <failure>
                <message>NoSuchSessionException: Session ID is null. Using WebDriver after calling quit()?
Build info: version: '3.0.1', revision: '1969d75', time: '2016-10-18 09:49:13 -0700'
System info: host: 'DESKTOP-HEOVU1M', ip: '192.168.0.104', os.name: 'Windows 10', os.arch: 'amd64', os.version: '10.0', java.version: '1.8.0_91'
Driver info: driver.version: RemoteWebDriver</message>
                <stack-trace>org.openqa.selenium.NoSuchSessionException: Session ID is null. Using WebDriver after calling quit()?
Build info: version: '3.0.1', revision: '1969d75', time: '2016-10-18 09:49:13 -0700'
System info: host: 'DESKTOP-HEOVU1M', ip: '192.168.0.104', os.name: 'Windows 10', os.arch: 'amd64', os.version: '10.0', java.version: '1.8.0_91'
Driver info: driver.version: RemoteWebDriver
	at org.openqa.selenium.remote.HttpCommandExecutor.execute(HttpCommandExecutor.java:130)
	at org.openqa.selenium.remote.service.DriverCommandExecutor.execute(DriverCommandExecutor.java:82)
	at org.openqa.selenium.remote.RemoteWebDriver.execute(RemoteWebDriver.java:601)
	at org.openqa.selenium.remote.RemoteWebDriver.get(RemoteWebDriver.java:322)
	at com.qagroup.google.testsoleg.Test1.test1(Test1.java:29)
	at sun.reflect.NativeMethodAccessorImpl.invoke0(Native Method)
	at sun.reflect.NativeMethodAccessorImpl.invoke(NativeMethodAccessorImpl.java:62)
	at sun.reflect.DelegatingMethodAccessorImpl.invoke(DelegatingMethodAccessorImpl.java:43)
	at java.lang.reflect.Method.invoke(Method.java:498)
	at org.testng.internal.MethodInvocationHelper.invokeMethod(MethodInvocationHelper.java:86)
	at org.testng.internal.Invoker.invokeMethod(Invoker.java:643)
	at org.testng.internal.Invoker.invokeTestMethod(Invoker.java:820)
	at org.testng.internal.Invoker.invokeTestMethods(Invoker.java:1128)
	at org.testng.internal.TestMethodWorker.invokeTestMethods(TestMethodWorker.java:129)
	at org.testng.internal.TestMethodWorker.run(TestMethodWorker.java:112)
	at java.util.concurrent.ThreadPoolExecutor.runWorker(ThreadPoolExecutor.java:1142)
	at java.util.concurrent.ThreadPoolExecutor$Worker.run(ThreadPoolExecutor.java:617)
	at java.lang.Thread.run(Thread.java:745)
</stack-trace>
            </failure>
            <steps/>
            <attachments/>
            <labels>
                <label name="host" value="DESKTOP-HEOVU1M"/>
                <label name="thread" value="7744@DESKTOP-HEOVU1M.pool-1-thread-1(14)"/>
            </labels>
        </test-case>
        <test-case start="1479409024237" stop="1479409024417" status="passed">
            <name>testKeyboardClose</name>
            <steps/>
            <attachments/>
            <labels>
                <label name="host" value="DESKTOP-HEOVU1M"/>
                <label name="thread" value="7744@DESKTOP-HEOVU1M.pool-1-thread-3(16)"/>
            </labels>
        </test-case>
    </test-cases>
    <labels>
        <label name="framework" value="TestNG"/>
        <label name="language" value="JAVA"/>
    </labels>
</ns2:test-suite>
